cluster 0 [1, 2, 5]
	6.53 3.01 1
	6.52 3.00 32
	6.54 3.01 27
	mean [ 6.53        3.00666667]
	pts [1, 2, 6, 8, 9, 13, 19, 21, 28, 29, 38, 39, 41, 42, 43, 46, 53, 55, 56, 57, 58, 60, 61, 71, 72, 77, 80, 82, 83, 84, 87, 89, 92, 93, 95, 97, 99, 100, 101, 102, 103, 104, 107, 112, 116, 117, 118, 119, 122, 128, 129, 131, 132, 137, 138, 140, 141, 142, 143, 147]
	size 60
cluster 1 [0, 6]
	5.02 3.40 24
	5.01 3.39 25
	mean [ 5.015  3.395]
	pts [3, 5, 10, 11, 14, 15, 16, 18, 22, 25, 27, 30, 31, 37, 45, 48, 49, 52, 54, 62, 63, 67, 68, 69, 73, 74, 75, 76, 78, 88, 90, 91, 105, 106, 109, 111, 113, 115, 121, 124, 125, 127, 130, 133, 134, 135, 136, 145, 149]
	size 49
cluster 2 [3, 7]
	5.79 2.79 29
	5.80 2.79 10
	mean [ 5.795  2.79 ]
	pts [0, 4, 7, 12, 17, 20, 23, 24, 26, 32, 33, 34, 35, 36, 40, 44, 47, 50, 51, 59, 64, 65, 66, 79, 81, 85, 86, 94, 96, 98, 108, 110, 114, 120, 123, 126, 139, 144, 146]
	size 39
cluster 3 [4]
	7.80 3.80 2
	mean [ 7.8  3.8]
	pts [70, 148]
	size 2
