
parameter specification:
 tidLists support minlen maxlen            target   ext
    FALSE     0.1      1     10 frequent itemsets FALSE

algorithmic control:
 sparse sort verbose
      7   -2    TRUE

eclat - find frequent item sets with the eclat algorithm
version 2.6 (2004.08.16)         (c) 2002-2004   Christian Borgelt
create itemset ... 
set transactions ...[15 item(s), 150 transaction(s)] done [0.00s].
sorting and recoding items ... [15 item(s)] done [0.00s].
creating bit matrix ... [15 row(s), 150 column(s)] done [0.00s].
writing  ... [122 set(s)] done [0.00s].
Creating S4 object  ... done [0.00s].
[[1]]
[1] "V2=sw1" "V3=pl3" "V4=pw3" "V5=cl3"

min 40 0.1133333 0.07333333 0.16 0.45 0.33 0.115 
                            V     
0.0466666666666667 0.04666667 0.02
0.06               0.06000000 0.01
0.0666666666666667 0.06666667 0.01
0.0733333333333333 0.07333333 0.05
0.08               0.08000000 0.05
0.0866666666666667 0.08666667 0.05
0.0933333333333333 0.09333333 0.05
0.1                0.10000000 0.09
0.106666666666667  0.10666667 0.07
0.113333333333333  0.11333333 0.05
0.12               0.12000000 0.16
0.126666666666667  0.12666667 0.11
0.133333333333333  0.13333333 0.10
0.14               0.14000000 0.05
0.146666666666667  0.14666667 0.04
0.153333333333333  0.15333333 0.03
0.16               0.16000000 0.02
0.166666666666667  0.16666667 0.02
0.173333333333333  0.17333333 0.01
0.18               0.18000000 0.01
               V   PV
 [1,] 0.04666667 0.02
 [2,] 0.06000000 0.03
 [3,] 0.06666667 0.04
 [4,] 0.07333333 0.09
 [5,] 0.08000000 0.14
 [6,] 0.08666667 0.19
 [7,] 0.09333333 0.24
 [8,] 0.10000000 0.33
 [9,] 0.10666667 0.40
[10,] 0.11333333 0.45
[11,] 0.12000000 0.61
[12,] 0.12666667 0.72
[13,] 0.13333333 0.82
[14,] 0.14000000 0.87
[15,] 0.14666667 0.91
[16,] 0.15333333 0.94
[17,] 0.16000000 0.96
[18,] 0.16666667 0.98
[19,] 0.17333333 0.99
[20,] 0.18000000 1.00
