$mu
$mu[[1]]
[1] 6.510402

$mu[[2]]
[1] 6.122695


$sigma
$sigma[[1]]
[1] 1

$sigma[[2]]
[1] 1


$prior
[1] 0.5 0.5

$mu
$mu[[1]]
[1] 6.321345

$mu[[2]]
[1] 3.821016


$sigma
$sigma[[1]]
         [,1]
[1,] 4.683558

$sigma[[2]]
         [,1]
[1,] 6.584931


$prior
[1] 0.3879062 0.6120938

[1] "ITER"             "1"                "5.33346922780373"
$mu
$mu[[1]]
[1] 6.558416

$mu[[2]]
[1] 3.675061


$sigma
$sigma[[1]]
        [,1]
[1,] 3.75402

$sigma[[2]]
         [,1]
[1,] 6.373005


$prior
[1] 0.3869964 0.6130036

[1] "ITER"               "2"                  "0.0775055178695389"
$mu
$mu[[1]]
[1] 6.898829

$mu[[2]]
[1] 3.461349


$sigma
$sigma[[1]]
         [,1]
[1,] 2.440215

$sigma[[2]]
         [,1]
[1,] 5.846702


$prior
[1] 0.3867835 0.6132165

[1] "ITER"              "3"                 "0.161553753849532"
$mu
$mu[[1]]
[1] 7.270701

$mu[[2]]
[1] 3.153008


$sigma
$sigma[[1]]
          [,1]
[1,] 0.9077132

$sigma[[2]]
         [,1]
[1,] 4.830425


$prior
[1] 0.3977715 0.6022285

[1] "ITER"              "4"                 "0.233363041057495"
$mu
$mu[[1]]
[1] 7.5006

$mu[[2]]
[1] 2.78394


$sigma
$sigma[[1]]
          [,1]
[1,] 0.1995166

$sigma[[2]]
         [,1]
[1,] 3.148119


$prior
[1] 0.4255065 0.5744935

[1] "ITER"              "5"                 "0.189064997135606"
$mu
$mu[[1]]
[1] 7.560492

$mu[[2]]
[1] 2.526494


$sigma
$sigma[[1]]
          [,1]
[1,] 0.0464064

$sigma[[2]]
         [,1]
[1,] 1.889174


$prior
[1] 0.4498244 0.5501756

[1] "ITER"               "6"                  "0.0698650945199175"
$mu
$mu[[1]]
[1] 7.560041

$mu[[2]]
[1] 2.485185


$sigma
$sigma[[1]]
           [,1]
[1,] 0.04639701

$sigma[[2]]
         [,1]
[1,] 1.696672


$prior
[1] 0.4543428 0.5456572

[1] "ITER"                "7"                   "0.00170666893773303"
$mu
$mu[[1]]
[1] 7.560021

$mu[[2]]
[1] 2.484148


$sigma
$sigma[[1]]
           [,1]
[1,] 0.04639881

$sigma[[2]]
         [,1]
[1,] 1.691836


$prior
[1] 0.454456 0.545544

[1] "ITER"                "8"                   "1.0753960910549e-06"
[1] "Cluster Parameters"
$mu
$mu[[1]]
[1] 7.560021

$mu[[2]]
[1] 2.484148


$sigma
$sigma[[1]]
           [,1]
[1,] 0.04639881

$sigma[[2]]
         [,1]
[1,] 1.691836


$prior
[1] 0.454456 0.545544

[1] "Number of Iterations" "8"                   
               [,1]         [,2]
 [1,] 3.846307e-201 1.000000e+00
 [2,] 3.031833e-183 1.000000e+00
 [3,] 1.802556e-134 1.000000e+00
 [4,] 3.684993e-115 1.000000e+00
 [5,] 4.737079e-106 1.000000e+00
 [6,]  6.958610e-30 1.000000e+00
 [7,]  9.995656e-01 4.344038e-04
 [8,]  9.997927e-01 2.072553e-04
 [9,]  9.998781e-01 1.219241e-04
[10,]  9.999209e-01 7.912275e-05
[11,]  9.998813e-01 1.187438e-04
[[1]]
[1]  7  8  9 10 11

[[2]]
[1] 1 2 3 4 5 6

[1] 1
     [,1] [,2]
[1,]    0    0
[2,]    0    0
[3,]    0    0
[4,]    5    6
